\BOOKMARK [0][]{chapter.1}{\376\377\0001\000\040\000I\000n\000d\000l\000e\000d\000n\000i\000n\000g}{}% 1
\BOOKMARK [0][]{chapter.2}{\376\377\0002\000\040\000N\000i\000v\000e\000a\000u\000\040\0001}{}% 2
\BOOKMARK [1][]{section*.3}{\376\377\000E\000v\000n\000e\000\040\000b\000e\000s\000k\000r\000i\000v\000e\000l\000s\000e}{chapter.2}% 3
\BOOKMARK [2][]{subsection*.4}{\376\377\000E\000k\000s\000t\000r\000a\000\040\000L\000P\000\040\000N\000i\000v\000.\000\040\0001}{section*.3}% 4
\BOOKMARK [2][]{subsection*.5}{\376\377\000E\000k\000s\000t\000r\000a\000\040\000N\000K\000\040\000N\000i\000v\000.\000\040\0001}{section*.3}% 5
\BOOKMARK [2][]{subsection*.6}{\376\377\000I\000n\000d\000k\000o\000m\000s\000t}{section*.3}% 6
\BOOKMARK [0][]{chapter*.7}{\376\377\000N\000i\000v\000e\000a\000u\000\040\0002}{}% 7
\BOOKMARK [1][]{section*.9}{\376\377\000E\000v\000n\000e\000\040\000b\000e\000s\000k\000r\000i\000v\000e\000l\000s\000e}{chapter*.7}% 8
\BOOKMARK [2][]{subsection*.10}{\376\377\000E\000k\000s\000t\000r\000a\000\040\000L\000P\000\040\000N\000i\000v\000.\000\040\0002}{section*.9}% 9
\BOOKMARK [2][]{subsection*.11}{\376\377\000E\000k\000s\000t\000r\000a\000\040\000N\000K\000\040\000N\000i\000v\000.\000\040\0002}{section*.9}% 10
\BOOKMARK [2][]{subsection*.12}{\376\377\000\330\000l\000r\000u\000s}{section*.9}% 11
\BOOKMARK [0][]{chapter.3}{\376\377\0003\000\040\000N\000i\000v\000e\000a\000u\000\040\0003}{}% 12
\BOOKMARK [1][]{section*.14}{\376\377\000E\000v\000n\000e\000\040\000b\000e\000s\000k\000r\000i\000v\000e\000l\000s\000e}{chapter.3}% 13
\BOOKMARK [2][]{subsection*.15}{\376\377\000B\000e\000r\000s\000\346\000r\000k\000e\000r\000g\000r\000e\000b}{section*.14}% 14
\BOOKMARK [2][]{subsection*.15}{\376\377\000E\000k\000s\000t\000r\000a\000\040\000L\000P\000\040\000N\000i\000v\000.\000\040\0003}{section*.14}% 15
\BOOKMARK [2][]{subsection*.16}{\376\377\000E\000k\000s\000t\000r\000a\000\040\000N\000K\000\040\000N\000i\000v\000.\000\040\0003}{section*.14}% 16
\BOOKMARK [2][]{subsection*.17}{\376\377\000H\000\345\000r\000d\000h\000u\000d\000e\000t}{section*.14}% 17
\BOOKMARK [2][]{subsection*.18}{\376\377\000K\000r\000a\000f\000t\000\040\000s\000l\000a\000g}{section*.14}% 18
\BOOKMARK [2][]{subsection*.19}{\376\377\000O\000p\000s\000p\000a\000r\000i\000n\000g}{section*.14}% 19
\BOOKMARK [0][]{chapter.4}{\376\377\0004\000\040\000N\000i\000v\000e\000a\000u\000\040\0004}{}% 20
\BOOKMARK [1][]{section*.21}{\376\377\000E\000v\000n\000e\000\040\000b\000e\000s\000k\000r\000i\000v\000e\000l\000s\000e}{chapter.4}% 21
\BOOKMARK [2][]{section*.22}{\376\377\000E\000k\000s\000t\000r\000a\000\040\000L\000P\000\040\000N\000i\000v\000.\000\040\0004}{section*.21}% 22
\BOOKMARK [2][]{section*.22}{\376\377\000E\000k\000s\000t\000r\000a\000\040\000N\000K\000\040\000N\000i\000v\000.\000\040\0004}{section*.21}% 23
\BOOKMARK [2][]{subsection*.23}{\376\377\000L\000\346\000s\000e\000\040\000o\000g\000\040\000s\000k\000r\000i\000v\000e\000\040\000H\000e\000l\000l\000i\000g}{section*.21}% 24
\BOOKMARK [2][]{subsection*.25}{\376\377\000S\000k\000j\000o\000l\000d\000b\000r\000\370\000d\000r\000e}{section*.21}% 25
\BOOKMARK [2][]{subsection*.26}{\376\377\000U\000d\000v\000i\000d\000e\000t\000\040\000n\000a\000t\000u\000r\000l\000i\000g\000\040\000h\000e\000l\000b\000r\000e\000d\000e\000l\000s\000e}{section*.21}% 26
\BOOKMARK [0][]{chapter.5}{\376\377\0005\000\040\000G\000e\000n\000e\000r\000e\000l\000l\000e\000\040\000e\000v\000n\000e\000r}{}% 27
\BOOKMARK [1][]{section*.28}{\376\377\000E\000v\000n\000e\000\040\000b\000e\000s\000k\000r\000i\000v\000e\000l\000s\000e}{chapter.5}% 28
\BOOKMARK [2][]{subsection*.29}{\376\377\0006\000.\000\040\000s\000a\000n\000s}{section*.28}% 29
\BOOKMARK [2][]{subsection*.30}{\376\377\000B\000o\000n\000k}{section*.28}% 30
\BOOKMARK [2][]{subsection*.31}{\376\377\000B\000r\000u\000g\000\040\000a\000f\000\040\000p\000i\000s\000t\000o\000l}{section*.28}% 31
\BOOKMARK [2][]{subsection*.32}{\376\377\000B\000\346\000r\000e\000\040\000p\000e\000r\000s\000o\000n}{section*.28}% 32
\BOOKMARK [2][]{subsection*.33}{\376\377\000F\000\370\000r\000s\000t\000e\000h\000j\000\346\000l\000p}{section*.28}% 33
\BOOKMARK [2][]{subsection*.34}{\376\377\000M\000i\000n\000e\000a\000r\000b\000e\000j\000d\000e\000r}{section*.28}% 34
\BOOKMARK [2][]{subsection*.35}{\376\377\000P\000\345\000f\000\370\000r\000\040\000g\000i\000f\000t}{section*.28}% 35
\BOOKMARK [2][]{subsection*.36}{\376\377\000S\000a\000m\000l\000e\000r}{section*.28}% 36
\BOOKMARK [2][]{subsection*.37}{\376\377\000S\000l\000a\000g\000s\000b\000r\000o\000r\000\040\000N\000i\000v\000.\000\040\0001}{section*.28}% 37
\BOOKMARK [2][]{subsection*.38}{\376\377\000S\000l\000a\000g\000s\000b\000r\000o\000r\000\040\000N\000i\000v\000.\000\040\0002}{section*.28}% 38
\BOOKMARK [2][]{subsection*.39}{\376\377\000S\000l\000a\000g\000s\000b\000r\000o\000r\000\040\000N\000i\000v\000.\000\040\0003}{section*.28}% 39
\BOOKMARK [2][]{subsection*.40}{\376\377\000S\000p\000e\000c\000i\000a\000l\000e}{section*.28}% 40
\BOOKMARK [2][]{subsection*.41}{\376\377\000U\000r\000t\000e\000s\000a\000m\000l\000e\000r}{section*.28}% 41
